[debug] [2019-10-24T23:20:39.644Z] ----------------------------------------------------------------------
[debug] [2019-10-24T23:20:39.648Z] Command:       C:\Program Files\nodejs\node.exe C:\Users\bosspc1\AppData\Roaming\npm\node_modules\firebase-tools\lib\bin\firebase.js deploy
[debug] [2019-10-24T23:20:39.648Z] CLI Version:   7.3.2
[debug] [2019-10-24T23:20:39.648Z] Platform:      win32
[debug] [2019-10-24T23:20:39.648Z] Node Version:  v10.16.3
[debug] [2019-10-24T23:20:39.649Z] Time:          Thu Oct 24 2019 16:20:39 GMT-0700 (Pacific Daylight Time)
[debug] [2019-10-24T23:20:39.649Z] ----------------------------------------------------------------------
[debug] 
[debug] [2019-10-24T23:20:39.674Z] > command requires scopes: ["email","openid","https://www.googleapis.com/auth/cloudplatformprojects.readonly","https://www.googleapis.com/auth/firebase","https://www.googleapis.com/auth/cloud-platform"]
[debug] [2019-10-24T23:20:39.677Z] > authorizing via signed-in user
[debug] [2019-10-24T23:20:39.678Z] [iam] checking project angularportfolio-99685 for permissions ["firebase.projects.get","firebasehosting.sites.update"]
[debug] [2019-10-24T23:20:39.679Z] > refreshing access token with scopes: ["email","https://www.googleapis.com/auth/cloud-platform","https://www.googleapis.com/auth/cloudplatformprojects.readonly","https://www.googleapis.com/auth/firebase","openid"]
[debug] [2019-10-24T23:20:39.679Z] >>> HTTP REQUEST POST https://www.googleapis.com/oauth2/v3/token  
 <request body omitted>
[debug] [2019-10-24T23:20:40.086Z] <<< HTTP RESPONSE 200
[debug] [2019-10-24T23:20:40.091Z] >>> HTTP REQUEST POST https://cloudresourcemanager.googleapis.com/v1/projects/angularportfolio-99685:testIamPermissions  

[debug] [2019-10-24T23:20:40.524Z] <<< HTTP RESPONSE 200
[debug] [2019-10-24T23:20:40.527Z] >>> HTTP REQUEST GET https://firebase.googleapis.com/v1beta1/projects/angularportfolio-99685  
 
[debug] [2019-10-24T23:20:41.092Z] <<< HTTP RESPONSE 200
[info] 
[info] === Deploying to 'angularportfolio-99685'...
[info] 
[info] i  deploying hosting
[debug] [2019-10-24T23:20:41.106Z] >>> HTTP REQUEST POST https://firebasehosting.googleapis.com/v1beta1/sites/angularportfolio-99685/versions  

[debug] [2019-10-24T23:20:42.299Z] <<< HTTP RESPONSE 200
[info] i  hosting[angularportfolio-99685]: beginning deploy...
[info] i  hosting[angularportfolio-99685]: found 13 files in dist/angularportfolio
[debug] [2019-10-24T23:20:42.330Z] [hosting] hash cache [ZGlzdFxhbmd1bGFycG9ydGZvbGlv] load error: lines is not defined
[debug] [2019-10-24T23:20:42.463Z] [hosting] hash cache [ZGlzdFxhbmd1bGFycG9ydGZvbGlv] stored for 13 files
[debug] [2019-10-24T23:20:42.464Z] [hosting][hash queue][FINAL]
[debug] [2019-10-24T23:20:42.464Z] >>> HTTP REQUEST POST https://firebasehosting.googleapis.com/v1beta1/sites/angularportfolio-99685/versions/ae1ae21f9462825d:populateFiles  
 <request body omitted>
[debug] [2019-10-24T23:20:43.246Z] <<< HTTP RESPONSE 200
[debug] [2019-10-24T23:20:43.250Z] [hosting][populate queue][FINAL]
[debug] [2019-10-24T23:20:43.250Z] [hosting] uploads queued: 3
